<?xml version="1.0" encoding="UTF-8"?>
<testng-results skipped="0" failed="0" total="1" passed="1">
  <reporter-output>
    <line>
      <![CDATA[Test started running:testlogin at:16]]>
    </line>
  </reporter-output>
  <suite name="Regression Suit" duration-ms="81709" started-at="2018-03-03T13:50:44Z" finished-at="2018-03-03T13:52:06Z">
    <groups>
    </groups>
    <test name="Login test" duration-ms="81709" started-at="2018-03-03T13:50:44Z" finished-at="2018-03-03T13:52:06Z">
      <class name="com.companyname.projectname.testscripts.TC001_testLogin">
        <test-method status="PASS" signature="setUP()[pri:0, instance:com.companyname.projectname.testscripts.TC001_testLogin@f6ac94]" name="setUP" is-config="true" duration-ms="12307" started-at="2018-03-03T19:20:44Z" finished-at="2018-03-03T19:20:56Z">
          <reporter-output>
          </reporter-output>
        </test-method> <!-- setUP -->
        <test-method status="PASS" signature="beforeMethod(java.lang.reflect.Method)[pri:0, instance:com.companyname.projectname.testscripts.TC001_testLogin@f6ac94]" name="beforeMethod" is-config="true" duration-ms="1" started-at="2018-03-03T19:20:56Z" finished-at="2018-03-03T19:20:56Z">
          <params>
            <param index="0">
              <value>
                <![CDATA[public void com.companyname.projectname.testscripts.TC001_testLogin.testlogin() throws java.lang.InterruptedException,java.io.IOException]]>
              </value>
            </param>
          </params>
          <reporter-output>
          </reporter-output>
        </test-method> <!-- beforeMethod -->
        <test-method status="PASS" signature="testlogin()[pri:0, instance:com.companyname.projectname.testscripts.TC001_testLogin@f6ac94]" name="testlogin" duration-ms="69240" started-at="2018-03-03T19:20:56Z" finished-at="2018-03-03T19:22:05Z">
          <reporter-output>
          </reporter-output>
        </test-method> <!-- testlogin -->
        <test-method status="PASS" signature="afterMethod(org.testng.ITestResult)[pri:0, instance:com.companyname.projectname.testscripts.TC001_testLogin@f6ac94]" name="afterMethod" is-config="true" duration-ms="1" started-at="2018-03-03T19:22:05Z" finished-at="2018-03-03T19:22:05Z">
          <params>
            <param index="0">
              <value>
                <![CDATA[[TestResult name=testlogin status=SUCCESS method=TC001_testLogin.testlogin()[pri:0, instance:com.companyname.projectname.testscripts.TC001_testLogin@f6ac94] output={null}]]]>
              </value>
            </param>
          </params>
          <reporter-output>
          </reporter-output>
        </test-method> <!-- afterMethod -->
        <test-method status="PASS" signature="quitBrowser()[pri:0, instance:com.companyname.projectname.testscripts.TC001_testLogin@f6ac94]" name="quitBrowser" is-config="true" duration-ms="49" started-at="2018-03-03T19:22:05Z" finished-at="2018-03-03T19:22:06Z">
          <reporter-output>
          </reporter-output>
        </test-method> <!-- quitBrowser -->
        <test-method status="PASS" signature="endTest()[pri:0, instance:com.companyname.projectname.testscripts.TC001_testLogin@f6ac94]" name="endTest" is-config="true" duration-ms="77" started-at="2018-03-03T19:22:06Z" finished-at="2018-03-03T19:22:06Z">
          <reporter-output>
          </reporter-output>
        </test-method> <!-- endTest -->
      </class> <!-- com.companyname.projectname.testscripts.TC001_testLogin -->
    </test> <!-- Login test -->
  </suite> <!-- Regression Suit -->
</testng-results>
